c:\users\drachi\downloads\renderers\snoweng\snoweng\x64\debug\vc142.pdb
c:\users\drachi\downloads\renderers\snoweng\snoweng\x64\debug\vc142.idb
c:\users\drachi\downloads\renderers\snoweng\snoweng\x64\debug\simpleshader.nativecodeanalysis.sarif
c:\users\drachi\downloads\renderers\snoweng\snoweng\x64\debug\simpleshader.nativecodeanalysis.xml
c:\users\drachi\downloads\renderers\snoweng\snoweng\x64\debug\mesh.nativecodeanalysis.sarif
c:\users\drachi\downloads\renderers\snoweng\snoweng\x64\debug\mesh.nativecodeanalysis.xml
c:\users\drachi\downloads\renderers\snoweng\snoweng\x64\debug\material.nativecodeanalysis.sarif
c:\users\drachi\downloads\renderers\snoweng\snoweng\x64\debug\material.nativecodeanalysis.xml
c:\users\drachi\downloads\renderers\snoweng\snoweng\x64\debug\main.nativecodeanalysis.sarif
c:\users\drachi\downloads\renderers\snoweng\snoweng\x64\debug\main.nativecodeanalysis.xml
c:\users\drachi\downloads\renderers\snoweng\snoweng\x64\debug\gameentity.nativecodeanalysis.sarif
c:\users\drachi\downloads\renderers\snoweng\snoweng\x64\debug\gameentity.nativecodeanalysis.xml
c:\users\drachi\downloads\renderers\snoweng\snoweng\x64\debug\game.nativecodeanalysis.sarif
c:\users\drachi\downloads\renderers\snoweng\snoweng\x64\debug\game.nativecodeanalysis.xml
c:\users\drachi\downloads\renderers\snoweng\snoweng\x64\debug\emitter.nativecodeanalysis.sarif
c:\users\drachi\downloads\renderers\snoweng\snoweng\x64\debug\emitter.nativecodeanalysis.xml
c:\users\drachi\downloads\renderers\snoweng\snoweng\x64\debug\dxcore.nativecodeanalysis.sarif
c:\users\drachi\downloads\renderers\snoweng\snoweng\x64\debug\dxcore.nativecodeanalysis.xml
c:\users\drachi\downloads\renderers\snoweng\snoweng\x64\debug\camera.nativecodeanalysis.sarif
c:\users\drachi\downloads\renderers\snoweng\snoweng\x64\debug\camera.nativecodeanalysis.xml
c:\users\drachi\downloads\renderers\snoweng\snoweng\x64\debug\camera.obj
c:\users\drachi\downloads\renderers\snoweng\snoweng\x64\debug\dxcore.obj
c:\users\drachi\downloads\renderers\snoweng\snoweng\x64\debug\emitter.obj
c:\users\drachi\downloads\renderers\snoweng\snoweng\x64\debug\game.obj
c:\users\drachi\downloads\renderers\snoweng\snoweng\x64\debug\gameentity.obj
c:\users\drachi\downloads\renderers\snoweng\snoweng\x64\debug\main.obj
c:\users\drachi\downloads\renderers\snoweng\snoweng\x64\debug\material.obj
c:\users\drachi\downloads\renderers\snoweng\snoweng\x64\debug\mesh.obj
c:\users\drachi\downloads\renderers\snoweng\snoweng\x64\debug\simpleshader.obj
c:\users\drachi\downloads\renderers\snoweng\x64\debug\blurps.cso
c:\users\drachi\downloads\renderers\snoweng\x64\debug\circleofconfusionps.cso
c:\users\drachi\downloads\renderers\snoweng\x64\debug\computeshader.cso
c:\users\drachi\downloads\renderers\snoweng\x64\debug\depthoffieldcompps.cso
c:\users\drachi\downloads\renderers\snoweng\x64\debug\particlecopydrawcountcs.cso
c:\users\drachi\downloads\renderers\snoweng\x64\debug\particledeadlistinitcs.cso
c:\users\drachi\downloads\renderers\snoweng\x64\debug\particledefaultvs.cso
c:\users\drachi\downloads\renderers\snoweng\x64\debug\particleemitcs.cso
c:\users\drachi\downloads\renderers\snoweng\x64\debug\particleps.cso
c:\users\drachi\downloads\renderers\snoweng\x64\debug\particleupdatecs.cso
c:\users\drachi\downloads\renderers\snoweng\x64\debug\particlevs.cso
c:\users\drachi\downloads\renderers\snoweng\x64\debug\pixelshader.cso
c:\users\drachi\downloads\renderers\snoweng\x64\debug\quadps.cso
c:\users\drachi\downloads\renderers\snoweng\x64\debug\quadvs.cso
c:\users\drachi\downloads\renderers\snoweng\x64\debug\skyps.cso
c:\users\drachi\downloads\renderers\snoweng\x64\debug\skyvs.cso
c:\users\drachi\downloads\renderers\snoweng\x64\debug\vertexshader.cso
c:\users\drachi\downloads\renderers\snoweng\x64\debug\snoweng.ilk
c:\users\drachi\downloads\renderers\snoweng\x64\debug\snoweng.exe
c:\users\drachi\downloads\renderers\snoweng\x64\debug\snoweng.pdb
c:\users\drachi\downloads\renderers\snoweng\snoweng\x64\debug\nativecodeanalysis.read.1.tlog
c:\users\drachi\downloads\renderers\snoweng\snoweng\x64\debug\vc.nativecodeanalysis.all.xml
c:\users\drachi\downloads\renderers\snoweng\x64\debug\snoweng.exe.lastcodeanalysissucceeded
c:\users\drachi\downloads\renderers\snoweng\snoweng\x64\debug\snoweng.tlog\cl.command.1.tlog
c:\users\drachi\downloads\renderers\snoweng\snoweng\x64\debug\snoweng.tlog\cl.read.1.tlog
c:\users\drachi\downloads\renderers\snoweng\snoweng\x64\debug\snoweng.tlog\cl.write.1.tlog
c:\users\drachi\downloads\renderers\snoweng\snoweng\x64\debug\snoweng.tlog\fxc.command.1.tlog
c:\users\drachi\downloads\renderers\snoweng\snoweng\x64\debug\snoweng.tlog\fxc.read.1.tlog
c:\users\drachi\downloads\renderers\snoweng\snoweng\x64\debug\snoweng.tlog\fxc.write.1.tlog
c:\users\drachi\downloads\renderers\snoweng\snoweng\x64\debug\snoweng.tlog\link.command.1.tlog
c:\users\drachi\downloads\renderers\snoweng\snoweng\x64\debug\snoweng.tlog\link.read.1.tlog
c:\users\drachi\downloads\renderers\snoweng\snoweng\x64\debug\snoweng.tlog\link.write.1.tlog
