c:\users\drachi\downloads\renderers\snoweng\snoweng\x64\release\vc142.pdb
c:\users\drachi\downloads\renderers\snoweng\snoweng\x64\release\simpleshader.nativecodeanalysis.sarif
c:\users\drachi\downloads\renderers\snoweng\snoweng\x64\release\simpleshader.nativecodeanalysis.xml
c:\users\drachi\downloads\renderers\snoweng\snoweng\x64\release\mesh.nativecodeanalysis.sarif
c:\users\drachi\downloads\renderers\snoweng\snoweng\x64\release\mesh.nativecodeanalysis.xml
c:\users\drachi\downloads\renderers\snoweng\snoweng\x64\release\material.nativecodeanalysis.sarif
c:\users\drachi\downloads\renderers\snoweng\snoweng\x64\release\material.nativecodeanalysis.xml
c:\users\drachi\downloads\renderers\snoweng\snoweng\x64\release\main.nativecodeanalysis.sarif
c:\users\drachi\downloads\renderers\snoweng\snoweng\x64\release\main.nativecodeanalysis.xml
c:\users\drachi\downloads\renderers\snoweng\snoweng\x64\release\gameentity.nativecodeanalysis.sarif
c:\users\drachi\downloads\renderers\snoweng\snoweng\x64\release\gameentity.nativecodeanalysis.xml
c:\users\drachi\downloads\renderers\snoweng\snoweng\x64\release\game.nativecodeanalysis.sarif
c:\users\drachi\downloads\renderers\snoweng\snoweng\x64\release\game.nativecodeanalysis.xml
c:\users\drachi\downloads\renderers\snoweng\snoweng\x64\release\emitter.nativecodeanalysis.sarif
c:\users\drachi\downloads\renderers\snoweng\snoweng\x64\release\emitter.nativecodeanalysis.xml
c:\users\drachi\downloads\renderers\snoweng\snoweng\x64\release\dxcore.nativecodeanalysis.sarif
c:\users\drachi\downloads\renderers\snoweng\snoweng\x64\release\dxcore.nativecodeanalysis.xml
c:\users\drachi\downloads\renderers\snoweng\snoweng\x64\release\camera.nativecodeanalysis.sarif
c:\users\drachi\downloads\renderers\snoweng\snoweng\x64\release\camera.nativecodeanalysis.xml
c:\users\drachi\downloads\renderers\snoweng\snoweng\x64\release\camera.obj
c:\users\drachi\downloads\renderers\snoweng\snoweng\x64\release\dxcore.obj
c:\users\drachi\downloads\renderers\snoweng\snoweng\x64\release\emitter.obj
c:\users\drachi\downloads\renderers\snoweng\snoweng\x64\release\game.obj
c:\users\drachi\downloads\renderers\snoweng\snoweng\x64\release\gameentity.obj
c:\users\drachi\downloads\renderers\snoweng\snoweng\x64\release\main.obj
c:\users\drachi\downloads\renderers\snoweng\snoweng\x64\release\material.obj
c:\users\drachi\downloads\renderers\snoweng\snoweng\x64\release\mesh.obj
c:\users\drachi\downloads\renderers\snoweng\snoweng\x64\release\simpleshader.obj
c:\users\drachi\downloads\renderers\snoweng\x64\release\blurps.cso
c:\users\drachi\downloads\renderers\snoweng\x64\release\circleofconfusionps.cso
c:\users\drachi\downloads\renderers\snoweng\x64\release\computeshader.cso
c:\users\drachi\downloads\renderers\snoweng\x64\release\depthoffieldcompps.cso
c:\users\drachi\downloads\renderers\snoweng\x64\release\particlecopydrawcountcs.cso
c:\users\drachi\downloads\renderers\snoweng\x64\release\particledeadlistinitcs.cso
c:\users\drachi\downloads\renderers\snoweng\x64\release\particledefaultvs.cso
c:\users\drachi\downloads\renderers\snoweng\x64\release\particleemitcs.cso
c:\users\drachi\downloads\renderers\snoweng\x64\release\particleps.cso
c:\users\drachi\downloads\renderers\snoweng\x64\release\particleupdatecs.cso
c:\users\drachi\downloads\renderers\snoweng\x64\release\particlevs.cso
c:\users\drachi\downloads\renderers\snoweng\x64\release\pixelshader.cso
c:\users\drachi\downloads\renderers\snoweng\x64\release\quadps.cso
c:\users\drachi\downloads\renderers\snoweng\x64\release\quadvs.cso
c:\users\drachi\downloads\renderers\snoweng\x64\release\skyps.cso
c:\users\drachi\downloads\renderers\snoweng\x64\release\skyvs.cso
c:\users\drachi\downloads\renderers\snoweng\x64\release\vertexshader.cso
c:\users\drachi\downloads\renderers\snoweng\x64\release\snoweng.exe
c:\users\drachi\downloads\renderers\snoweng\x64\release\snoweng.pdb
c:\users\drachi\downloads\renderers\snoweng\x64\release\snoweng.ipdb
c:\users\drachi\downloads\renderers\snoweng\x64\release\snoweng.iobj
c:\users\drachi\downloads\renderers\snoweng\snoweng\x64\release\nativecodeanalysis.read.1.tlog
c:\users\drachi\downloads\renderers\snoweng\snoweng\x64\release\vc.nativecodeanalysis.all.xml
c:\users\drachi\downloads\renderers\snoweng\x64\release\snoweng.exe.lastcodeanalysissucceeded
c:\users\drachi\downloads\renderers\snoweng\snoweng\x64\release\snoweng.tlog\cl.command.1.tlog
c:\users\drachi\downloads\renderers\snoweng\snoweng\x64\release\snoweng.tlog\cl.read.1.tlog
c:\users\drachi\downloads\renderers\snoweng\snoweng\x64\release\snoweng.tlog\cl.write.1.tlog
c:\users\drachi\downloads\renderers\snoweng\snoweng\x64\release\snoweng.tlog\fxc.command.1.tlog
c:\users\drachi\downloads\renderers\snoweng\snoweng\x64\release\snoweng.tlog\fxc.read.1.tlog
c:\users\drachi\downloads\renderers\snoweng\snoweng\x64\release\snoweng.tlog\fxc.write.1.tlog
c:\users\drachi\downloads\renderers\snoweng\snoweng\x64\release\snoweng.tlog\link.command.1.tlog
c:\users\drachi\downloads\renderers\snoweng\snoweng\x64\release\snoweng.tlog\link.read.1.tlog
c:\users\drachi\downloads\renderers\snoweng\snoweng\x64\release\snoweng.tlog\link.write.1.tlog
c:\users\drachi\downloads\renderers\snoweng\snoweng\x64\release\snoweng.tlog\snoweng.write.1u.tlog
